<?xml version="1.0" encoding="UTF-8"?>
<!-- Generated by org.testng.reporters.JUnitXMLReporter -->
<testsuite hostname="DESKTOP-66A6QG1" name="Test" tests="8" failures="1" timestamp="21 May 2019 22:17:42 GMT" time="81.432" errors="0">
  <testcase name="closePromoImages" time="20.556" classname="com.qa.testcases.SearchFlightResultsTest2"/>
  <testcase name="selectTripOption" time="1.035" classname="com.qa.testcases.SearchFlightResultsTest2"/>
  <testcase name="selectTripType" time="0.39" classname="com.qa.testcases.SearchFlightResultsTest2"/>
  <testcase name="selectFromCity" time="1.728" classname="com.qa.testcases.SearchFlightResultsTest2"/>
  <testcase name="selectToCity" time="1.371" classname="com.qa.testcases.SearchFlightResultsTest2"/>
  <testcase name="selectDepartureDate" time="2.082" classname="com.qa.testcases.SearchFlightResultsTest2"/>
  <testcase name="selectReturnDate" time="0.347" classname="com.qa.testcases.SearchFlightResultsTest2"/>
  <testcase name="clickSearch" time="0.725" classname="com.qa.testcases.SearchFlightResultsTest2">
    <failure type="java.lang.AssertionError" message="Flights Options are displayed expected [Makemytrip] but found [Access Denied]">
      <![CDATA[java.lang.AssertionError: Flights Options are displayed expected [Makemytrip] but found [Access Denied]
	at com.qa.testcases.SearchFlightResultsTest2$3.apply(SearchFlightResultsTest2.java:211)
	at com.qa.testcases.SearchFlightResultsTest2$3.apply(SearchFlightResultsTest2.java:206)
	at org.openqa.selenium.support.ui.FluentWait.until(FluentWait.java:211)
	at com.qa.testcases.SearchFlightResultsTest2.clickSearch(SearchFlightResultsTest2.java:206)
... Removed 28 stack frames]]>
    </failure>
  </testcase> <!-- clickSearch -->
</testsuite> <!-- Test -->
